============================= test session starts ==============================
platform darwin -- Python 3.13.2, pytest-8.3.3, pluggy-1.5.0
rootdir: /Users/kishorereddy/Desktop/calculator_fastapi
configfile: pytest.ini
plugins: cov-6.0.0, pylint-0.21.0, anyio-4.6.2.post1
collected 1 item

tests/e2e/test_user_profile_e2e.py 2025-12-11 01:43:15 - main - INFO - FastAPI Calculator application starting up...
INFO:     Started server process [99309]
INFO:     Waiting for application startup.
INFO:     Application startup complete.
INFO:     Uvicorn running on http://127.0.0.1:8000 (Press CTRL+C to quit)
2025-12-11 01:43:15 - main - INFO - Serving index page to 127.0.0.1
INFO:     127.0.0.1:51731 - "GET / HTTP/1.1" 200 OK
INFO:     127.0.0.1:51771 - "GET /register HTTP/1.1" 200 OK
Registering user: e2e_profile_user, e2e_profile@example.com
INFO:     127.0.0.1:51780 - "GET /login HTTP/1.1" 200 OK
INFO:     127.0.0.1:51771 - "POST /users/register HTTP/1.1" 200 OK
Logging in user: e2e_profile@example.com
User found: e2e_profile_user, e2e_profile@example.com
INFO:     127.0.0.1:51771 - "POST /users/login HTTP/1.1" 200 OK
2025-12-11 01:43:31 - main - INFO - Serving index page to 127.0.0.1
INFO:     127.0.0.1:51771 - "GET / HTTP/1.1" 200 OK
INFO:     127.0.0.1:51771 - "GET /calculations HTTP/1.1" 200 OK
Reading user me: e2e_profile_user
INFO:     127.0.0.1:51780 - "GET /users/me HTTP/1.1" 200 OK
Starting FastAPI server...
FastAPI server is up and running.
Current URL before wait: http://127.0.0.1:8000/login
Browser Console: Fetching profile...
Browser Console: Profile response status: 200
Browser Console: Profile data: {username: e2e_profile_user, email: e2e_profile@example.com, id: 1, created_at: 2025-12-11T06:43:31}
FINFO:     Shutting down
INFO:     Waiting for application shutdown.
INFO:     Application shutdown complete.
INFO:     Finished server process [99309]
Shutting down FastAPI server...
FastAPI server has been terminated.
Test database file removed.


=================================== FAILURES ===================================
____________________________ test_user_profile_flow ____________________________

page = <Page url='http://127.0.0.1:8000/'>, fastapi_server = None

    def test_user_profile_flow(page: Page, fastapi_server):
        page.on("console", lambda msg: print(f"Browser Console: {msg.text}"))
    
        # 1. Register and Login
        page.goto("http://127.0.0.1:8000/register")
        page.fill("#username", "e2e_profile_user")
        page.fill("#email", "e2e_profile@example.com")
        page.fill("#password", "password123")
        page.fill("#confirmPassword", "password123")
        page.click("button[type='submit']")
        expect(page.locator("#successMessage")).to_have_text("Registration successful! Redirecting...")
    
        # Manually go to login to avoid flaky redirect wait
        page.goto("http://127.0.0.1:8000/login")
        page.fill("#email", "e2e_profile@example.com")
        page.fill("#password", "password123")
        page.click("button[type='submit']")
    
        # Check for login error
        if page.locator("#serverError").is_visible():
            print(f"Login failed: {page.locator('#serverError').inner_text()}")
    
        print(f"Current URL before wait: {page.url}")
    
        # Wait for navigation to dashboard
        try:
            page.wait_for_url("http://127.0.0.1:8000/", timeout=10000)
        except Exception as e:
            print(f"Timeout waiting for URL. Current URL: {page.url}")
            # Check if we are on dashboard but URL is different (e.g. trailing slash)
            if page.title() == "Calculator Dashboard":
                print("Title matches, proceeding.")
            else:
                raise e
    
        expect(page).to_have_title("Calculator Dashboard")
    
        # 2. Open Profile
        page.click("text=Profile")
>       expect(page.locator("#profileSection")).to_be_visible()
E       AssertionError: Locator expected to be visible
E       Actual value: False 
E       Call log:
E       LocatorAssertions.to_be_visible with timeout 5000ms
E         - waiting for locator("#profileSection")
E         -   locator resolved to <div class="hidden" id="profileSection">…</div>
E         -   unexpected value "hidden"
E         -   locator resolved to <div class="hidden" id="profileSection">…</div>
E         -   unexpected value "hidden"
E         -   locator resolved to <div class="hidden" id="profileSection">…</div>
E         -   unexpected value "hidden"
E         -   locator resolved to <div class="hidden" id="profileSection">…</div>
E         -   unexpected value "hidden"
E         -   locator resolved to <div class="hidden" id="profileSection">…</div>
E         -   unexpected value "hidden"
E         -   locator resolved to <div class="hidden" id="profileSection">…</div>
E         -   unexpected value "hidden"
E         -   locator resolved to <div class="hidden" id="profileSection">…</div>
E         -   unexpected value "hidden"
E         -   locator resolved to <div class="hidden" id="profileSection">…</div>
E         -   unexpected value "hidden"

tests/e2e/test_user_profile_e2e.py:43: AssertionError

---------- coverage: platform darwin, python 3.13.2-final-0 ----------
Name                         Stmts   Miss  Cover   Missing
----------------------------------------------------------
app/calculation_factory.py      31     31     0%   1-38
app/database.py                 15      4    73%   22-26
app/models.py                   21     21     0%   1-30
app/operations.py               27     27     0%   21-137
app/operations/__init__.py      15     15     0%   12-33
app/schemas.py                  49     49     0%   1-75
app/security.py                 39     39     0%   1-57
----------------------------------------------------------
TOTAL                          197    186     6%
Coverage HTML written to dir htmlcov

=========================== short test summary info ============================
FAILED tests/e2e/test_user_profile_e2e.py::test_user_profile_flow - Assertion...
============================== 1 failed in 27.91s ==============================
